Starting scheduled model retraining...
(Scheduler) Appended 50 records. New dataset size: 818
Model trained. Accuracy: 0.7073. Training set size: 818
Model retraining completed successfully
New dataset size: 818
Model accuracy: 0.7073
Starting scheduled model retraining...
(Scheduler) Appended 50 records. New dataset size: 868
Model trained. Accuracy: 0.7471. Training set size: 868
Model retraining completed successfully
New dataset size: 868
Model accuracy: 0.7471
Starting scheduled model retraining...
(Scheduler) Appended 50 records. New dataset size: 918
Model trained. Accuracy: 0.7663. Training set size: 918
Model retraining completed successfully
New dataset size: 918
Model accuracy: 0.7663
Starting scheduled model retraining...
(Scheduler) Appended 50 records. New dataset size: 968
Model trained. Accuracy: 0.7732. Training set size: 968
Model retraining completed successfully
New dataset size: 968
Model accuracy: 0.7732
Starting scheduled model retraining...
(Scheduler) Appended 50 records. New dataset size: 1018
Model trained. Accuracy: 0.7647. Training set size: 1018
Model retraining completed successfully
New dataset size: 1018
Model accuracy: 0.7647
Starting scheduled model retraining...
(Scheduler) Appended 50 records. New dataset size: 1068
Model trained. Accuracy: 0.7664. Training set size: 1068
Model retraining completed successfully
New dataset size: 1068
Model accuracy: 0.7664
Starting scheduled model retraining...
(Scheduler) Appended 50 records. New dataset size: 1118
Model trained. Accuracy: 0.7455. Training set size: 1118
Model retraining completed successfully
New dataset size: 1118
Model accuracy: 0.7455
Starting scheduled model retraining...
(Scheduler) Appended 50 records. New dataset size: 1168
Model trained. Accuracy: 0.7650. Training set size: 1168
Model retraining completed successfully
New dataset size: 1168
Model accuracy: 0.7650
Starting scheduled model retraining...
(Scheduler) Appended 50 records. New dataset size: 1218
Model trained. Accuracy: 0.7541. Training set size: 1218
Model retraining completed successfully
New dataset size: 1218
Model accuracy: 0.7541
Starting scheduled model retraining...
(Scheduler) Appended 50 records. New dataset size: 1268
Model trained. Accuracy: 0.7362. Training set size: 1268
Model retraining completed successfully
New dataset size: 1268
Model accuracy: 0.7362
Starting scheduled model retraining...
(Scheduler) Appended 50 records. New dataset size: 1318
Model trained. Accuracy: 0.7538. Training set size: 1318
Model retraining completed successfully
New dataset size: 1318
Model accuracy: 0.7538
Starting scheduled model retraining...
(Scheduler) Appended 50 records. New dataset size: 1368
Model trained. Accuracy: 0.7555. Training set size: 1368
Model retraining completed successfully
New dataset size: 1368
Model accuracy: 0.7555
Starting scheduled model retraining...
(Scheduler) Appended 50 records. New dataset size: 1418
Model trained. Accuracy: 0.7535. Training set size: 1418
Model retraining completed successfully
New dataset size: 1418
Model accuracy: 0.7535
Starting scheduled model retraining...
(Scheduler) Appended 50 records. New dataset size: 1468
Model trained. Accuracy: 0.7653. Training set size: 1468
Model retraining completed successfully
New dataset size: 1468
Model accuracy: 0.7653
Starting scheduled model retraining...
(Scheduler) Appended 50 records. New dataset size: 1518
Model trained. Accuracy: 0.7664. Training set size: 1518
Model retraining completed successfully
New dataset size: 1518
Model accuracy: 0.7664
Starting scheduled model retraining...
(Scheduler) Appended 50 records. New dataset size: 1568
Model trained. Accuracy: 0.7548. Training set size: 1568
Model retraining completed successfully
New dataset size: 1568
Model accuracy: 0.7548
Starting scheduled model retraining...
(Scheduler) Appended 50 records. New dataset size: 1618
Model trained. Accuracy: 0.7562. Training set size: 1618
Model retraining completed successfully
New dataset size: 1618
Model accuracy: 0.7562
